<?xml version="1.0" encoding="UTF-8"?>
<coverage generated="1596292157437" clover="3.2.0">
  <project timestamp="1596292157437" name="All files">
    <metrics statements="27" coveredstatements="25" conditionals="0" coveredconditionals="0" methods="17" coveredmethods="15" elements="44" coveredelements="40" complexity="0" loc="27" ncloc="27" packages="2" files="8" classes="8"/>
    <package name="src">
      <metrics statements="22" coveredstatements="20" conditionals="0" coveredconditionals="0" methods="16" coveredmethods="14"/>
      <file name="async.js" path="E:\JayantCode\Jest\jestTest\src\async.js">
        <metrics statements="4" coveredstatements="4" conditionals="0" coveredconditionals="0" methods="4" coveredmethods="4"/>
        <line num="3" count="3" type="stmt"/>
        <line num="4" count="3" type="stmt"/>
        <line num="8" count="2" type="stmt"/>
        <line num="9" count="2" type="stmt"/>
      </file>
      <file name="manualMock.js" path="E:\JayantCode\Jest\jestTest\src\manualMock.js">
        <metrics statements="4" coveredstatements="4" conditionals="0" coveredconditionals="0" methods="1" coveredmethods="1"/>
        <line num="8" count="1" type="stmt"/>
        <line num="11" count="1" type="stmt"/>
        <line num="12" count="1" type="stmt"/>
        <line num="15" count="1" type="stmt"/>
      </file>
      <file name="mockFun.js" path="E:\JayantCode\Jest\jestTest\src\mockFun.js">
        <metrics statements="3" coveredstatements="2" conditionals="0" coveredconditionals="0" methods="2" coveredmethods="1"/>
        <line num="8" count="1" type="stmt"/>
        <line num="9" count="2" type="stmt"/>
        <line num="13" count="0" type="stmt"/>
      </file>
      <file name="mockFunc1.js" path="E:\JayantCode\Jest\jestTest\src\mockFunc1.js">
        <metrics statements="2" coveredstatements="1" conditionals="0" coveredconditionals="0" methods="1" coveredmethods="0"/>
        <line num="1" count="1" type="stmt"/>
        <line num="2" count="0" type="stmt"/>
      </file>
      <file name="setTear.js" path="E:\JayantCode\Jest\jestTest\src\setTear.js">
        <metrics statements="4" coveredstatements="4" conditionals="0" coveredconditionals="0" methods="3" coveredmethods="3"/>
        <line num="1" count="1" type="stmt"/>
        <line num="4" count="3" type="stmt"/>
        <line num="7" count="3" type="stmt"/>
        <line num="10" count="2" type="stmt"/>
      </file>
      <file name="sum.js" path="E:\JayantCode\Jest\jestTest\src\sum.js">
        <metrics statements="1" coveredstatements="1" conditionals="0" coveredconditionals="0" methods="1" coveredmethods="1"/>
        <line num="3" count="3" type="stmt"/>
      </file>
      <file name="timeMock.js" path="E:\JayantCode\Jest\jestTest\src\timeMock.js">
        <metrics statements="4" coveredstatements="4" conditionals="0" coveredconditionals="0" methods="4" coveredmethods="4"/>
        <line num="6" count="1" type="stmt"/>
        <line num="7" count="1" type="stmt"/>
        <line num="11" count="1" type="stmt"/>
        <line num="12" count="1" type="stmt"/>
      </file>
    </package>
    <package name="src.__mock__">
      <metrics statements="5" coveredstatements="5" conditionals="0" coveredconditionals="0" methods="1" coveredmethods="1"/>
      <file name="aa.js" path="E:\JayantCode\Jest\jestTest\src\__mock__\aa.js">
        <metrics statements="5" coveredstatements="5" conditionals="0" coveredconditionals="0" methods="1" coveredmethods="1"/>
        <line num="4" count="1" type="stmt"/>
        <line num="6" count="1" type="stmt"/>
        <line num="7" count="1" type="stmt"/>
        <line num="9" count="1" type="stmt"/>
        <line num="11" count="1" type="stmt"/>
      </file>
    </package>
  </project>
</coverage>
